# JRE version: Java(TM) SE Runtime Environment (8.0_101-b13) (build 1.8.0_101-b13)
# Java VM: Java HotSpot(TM) 64-Bit Server VM (25.101-b13 mixed mode windows-amd64 compressed oops)
Heap:
 PSYoungGen      total 182784K, used 73992K [0x00000000f0000000, 0x0000000100000000, 0x0000000100000000)
  eden space 121856K, 13% used [0x00000000f0000000,0x00000000f0fbf800,0x00000000f7700000)
  from space 60928K, 94% used [0x00000000fc480000,0x00000000ffd02848,0x0000000100000000)
  to   space 70144K, 0% used [0x00000000f7700000,0x00000000f7700000,0x00000000fbb80000)
 ParOldGen       total 524288K, used 95179K [0x00000000d0000000, 0x00000000f0000000, 0x00000000f0000000)
  object space 524288K, 18% used [0x00000000d0000000,0x00000000d5cf2c48,0x00000000f0000000)
 Metaspace       used 73209K, capacity 75780K, committed 76032K, reserved 1116160K
  class space    used 9157K, capacity 9926K, committed 9984K, reserved 1048576K
GC Heap History (10 events):
Event: 155.172 GC heap before
{Heap before GC invocations=29 (full 3):
 PSYoungGen      total 205824K, used 205502K [0x00000000f0000000, 0x0000000100000000, 0x0000000100000000)
  eden space 166912K, 100% used [0x00000000f0000000,0x00000000fa300000,0x00000000fa300000)
  from space 38912K, 99% used [0x00000000fa300000,0x00000000fc8af800,0x00000000fc900000)
  to   space 51200K, 0% used [0x00000000fce00000,0x00000000fce00000,0x0000000100000000)
 ParOldGen       total 524288K, used 91315K [0x00000000d0000000, 0x00000000f0000000, 0x00000000f0000000)
  object space 524288K, 17% used [0x00000000d0000000,0x00000000d592cd98,0x00000000f0000000)
 Metaspace       used 69291K, capacity 71442K, committed 71552K, reserved 1112064K
  class space    used 8669K, capacity 9287K, committed 9344K, reserved 1048576K
Event: 155.219 GC heap after
Heap after GC invocations=29 (full 3):
 PSYoungGen      total 207872K, used 36165K [0x00000000f0000000, 0x0000000100000000, 0x0000000100000000)
  eden space 156672K, 0% used [0x00000000f0000000,0x00000000f0000000,0x00000000f9900000)
  from space 51200K, 70% used [0x00000000fce00000,0x00000000ff1517e0,0x0000000100000000)
  to   space 52736K, 0% used [0x00000000f9900000,0x00000000f9900000,0x00000000fcc80000)
 ParOldGen       total 524288K, used 95155K [0x00000000d0000000, 0x00000000f0000000, 0x00000000f0000000)
  object space 524288K, 18% used [0x00000000d0000000,0x00000000d5cecc48,0x00000000f0000000)
 Metaspace       used 69291K, capacity 71442K, committed 71552K, reserved 1112064K
  class space    used 8669K, capacity 9287K, committed 9344K, reserved 1048576K
}
Event: 265.747 GC heap before
{Heap before GC invocations=30 (full 3):
 PSYoungGen      total 207872K, used 192837K [0x00000000f0000000, 0x0000000100000000, 0x0000000100000000)
  eden space 156672K, 100% used [0x00000000f0000000,0x00000000f9900000,0x00000000f9900000)
  from space 51200K, 70% used [0x00000000fce00000,0x00000000ff1517e0,0x0000000100000000)
  to   space 52736K, 0% used [0x00000000f9900000,0x00000000f9900000,0x00000000fcc80000)
 ParOldGen       total 524288K, used 95155K [0x00000000d0000000, 0x00000000f0000000, 0x00000000f0000000)
  object space 524288K, 18% used [0x00000000d0000000,0x00000000d5cecc48,0x00000000f0000000)
 Metaspace       used 71063K, capacity 73382K, committed 73472K, reserved 1114112K
  class space    used 8958K, capacity 9654K, committed 9728K, reserved 1048576K
Event: 265.816 GC heap after
Heap after GC invocations=30 (full 3):
 PSYoungGen      total 197632K, used 40505K [0x00000000f0000000, 0x0000000100000000, 0x0000000100000000)
  eden space 156672K, 0% used [0x00000000f0000000,0x00000000f0000000,0x00000000f9900000)
  from space 40960K, 98% used [0x00000000f9900000,0x00000000fc08e480,0x00000000fc100000)
  to   space 55296K, 0% used [0x00000000fca00000,0x00000000fca00000,0x0000000100000000)
 ParOldGen       total 524288K, used 95163K [0x00000000d0000000, 0x00000000f0000000, 0x00000000f0000000)
  object space 524288K, 18% used [0x00000000d0000000,0x00000000d5ceec48,0x00000000f0000000)
 Metaspace       used 71063K, capacity 73382K, committed 73472K, reserved 1114112K
  class space    used 8958K, capacity 9654K, committed 9728K, reserved 1048576K
}
Event: 342.846 GC heap before
{Heap before GC invocations=31 (full 3):
 PSYoungGen      total 197632K, used 197177K [0x00000000f0000000, 0x0000000100000000, 0x0000000100000000)
  eden space 156672K, 100% used [0x00000000f0000000,0x00000000f9900000,0x00000000f9900000)
  from space 40960K, 98% used [0x00000000f9900000,0x00000000fc08e480,0x00000000fc100000)
  to   space 55296K, 0% used [0x00000000fca00000,0x00000000fca00000,0x0000000100000000)
 ParOldGen       total 524288K, used 95163K [0x00000000d0000000, 0x00000000f0000000, 0x00000000f0000000)
  object space 524288K, 18% used [0x00000000d0000000,0x00000000d5ceec48,0x00000000f0000000)
 Metaspace       used 71902K, capacity 74270K, committed 74624K, reserved 1114112K
  class space    used 9045K, capacity 9754K, committed 9856K, reserved 1048576K
Event: 342.904 GC heap after
Heap after GC invocations=31 (full 3):
 PSYoungGen      total 202752K, used 40972K [0x00000000f0000000, 0x0000000100000000, 0x0000000100000000)
  eden space 147456K, 0% used [0x00000000f0000000,0x00000000f0000000,0x00000000f9000000)
  from space 55296K, 74% used [0x00000000fca00000,0x00000000ff203278,0x0000000100000000)
  to   space 57344K, 0% used [0x00000000f9000000,0x00000000f9000000,0x00000000fc800000)
 ParOldGen       total 524288K, used 95171K [0x00000000d0000000, 0x00000000f0000000, 0x00000000f0000000)
  object space 524288K, 18% used [0x00000000d0000000,0x00000000d5cf0c48,0x00000000f0000000)
 Metaspace       used 71902K, capacity 74270K, committed 74624K, reserved 1114112K
  class space    used 9045K, capacity 9754K, committed 9856K, reserved 1048576K
}
Event: 541.108 GC heap before
{Heap before GC invocations=32 (full 3):
 PSYoungGen      total 202752K, used 188428K [0x00000000f0000000, 0x0000000100000000, 0x0000000100000000)
  eden space 147456K, 100% used [0x00000000f0000000,0x00000000f9000000,0x00000000f9000000)
  from space 55296K, 74% used [0x00000000fca00000,0x00000000ff203278,0x0000000100000000)
  to   space 57344K, 0% used [0x00000000f9000000,0x00000000f9000000,0x00000000fc800000)
 ParOldGen       total 524288K, used 95171K [0x00000000d0000000, 0x00000000f0000000, 0x00000000f0000000)
  object space 524288K, 18% used [0x00000000d0000000,0x00000000d5cf0c48,0x00000000f0000000)
 Metaspace       used 72617K, capacity 75220K, committed 75520K, reserved 1114112K
  class space    used 9123K, capacity 9918K, committed 9984K, reserved 1048576K
Event: 541.162 GC heap after
Heap after GC invocations=32 (full 3):
 PSYoungGen      total 201216K, used 53679K [0x00000000f0000000, 0x0000000100000000, 0x0000000100000000)
  eden space 147456K, 0% used [0x00000000f0000000,0x00000000f0000000,0x00000000f9000000)
  from space 53760K, 99% used [0x00000000f9000000,0x00000000fc46bdb0,0x00000000fc480000)
  to   space 60928K, 0% used [0x00000000fc480000,0x00000000fc480000,0x0000000100000000)
 ParOldGen       total 524288K, used 95179K [0x00000000d0000000, 0x00000000f0000000, 0x00000000f0000000)
  object space 524288K, 18% used [0x00000000d0000000,0x00000000d5cf2c48,0x00000000f0000000)
 Metaspace       used 72617K, capacity 75220K, committed 75520K, reserved 1114112K
  class space    used 9123K, capacity 9918K, committed 9984K, reserved 1048576K
}
Event: 541.628 GC heap before
{Heap before GC invocations=33 (full 3):
 PSYoungGen      total 201216K, used 201135K [0x00000000f0000000, 0x0000000100000000, 0x0000000100000000)
  eden space 147456K, 100% used [0x00000000f0000000,0x00000000f9000000,0x00000000f9000000)
  from space 53760K, 99% used [0x00000000f9000000,0x00000000fc46bdb0,0x00000000fc480000)
  to   space 60928K, 0% used [0x00000000fc480000,0x00000000fc480000,0x0000000100000000)
 ParOldGen       total 524288K, used 95179K [0x00000000d0000000, 0x00000000f0000000, 0x00000000f0000000)
  object space 524288K, 18% used [0x00000000d0000000,0x00000000d5cf2c48,0x00000000f0000000)
 Metaspace       used 73195K, capacity 75780K, committed 76032K, reserved 1116160K
  class space    used 9155K, capacity 9926K, committed 9984K, reserved 1048576K
Event: 541.692 GC heap after
Heap after GC invocations=33 (full 3):
 PSYoungGen      total 182784K, used 57866K [0x00000000f0000000, 0x0000000100000000, 0x0000000100000000)
  eden space 121856K, 0% used [0x00000000f0000000,0x00000000f0000000,0x00000000f7700000)
  from space 60928K, 94% used [0x00000000fc480000,0x00000000ffd02848,0x0000000100000000)
  to   space 70144K, 0% used [0x00000000f7700000,0x00000000f7700000,0x00000000fbb80000)
 ParOldGen       total 524288K, used 95179K [0x00000000d0000000, 0x00000000f0000000, 0x00000000f0000000)
  object space 524288K, 18% used [0x00000000d0000000,0x00000000d5cf2c48,0x00000000f0000000)
 Metaspace       used 73195K, capacity 75780K, committed 76032K, reserved 1116160K
  class space    used 9155K, capacity 9926K, committed 9984K, reserved 1048576K
}

